0 silly input [ 'test' ]
1 silly flags { _: [ 'run' ],
1 silly flags   'reject-cycles': false,
1 silly flags   rejectCycles: false,
1 silly flags   script: 'test',
1 silly flags   args: [] }
2 verbose rootPath /Users/harryi3t/work/playground/plugins
3 info version 2.11.0
4 silly existsSync /Users/harryi3t/work/playground/plugins/VERSION
5 silly initialize attempt
6 silly initialize success
7 silly execute attempt
8 silly runScriptInDir test [] add
9 silly getExecOpts { cwd: '/Users/harryi3t/work/playground/plugins/packages/add' }
10 silly runScriptInDir test [] multiply
11 silly getExecOpts { cwd: '/Users/harryi3t/work/playground/plugins/packages/multiply' }
12 error test Errored while running script in 'multiply'
13 error execute callback with error
14 error Error: Command failed: npm run test
14 error sh: mocha: command not found
14 error npm ERR! file sh
14 error npm ERR! code ELIFECYCLE
14 error npm ERR! errno ENOENT
14 error npm ERR! syscall spawn
14 error npm ERR! multiply@1.0.0 test: `mocha test.js`
14 error npm ERR! spawn ENOENT
14 error npm ERR!
14 error npm ERR! Failed at the multiply@1.0.0 test script.
14 error npm ERR! This is probably not a problem with npm. There is likely additional logging output above.
14 error
14 error npm ERR! A complete log of this run can be found in:
14 error npm ERR!     /Users/harryi3t/.npm/_logs/2018-06-01T15_55_45_973Z-debug.log
14 error
14 error > multiply@1.0.0 test /Users/harryi3t/work/playground/plugins/packages/multiply
14 error > mocha test.js
14 error
14 error
14 error     at Promise.all.then.arr (/Users/harryi3t/.nvm/versions/node/v8.10.0/lib/node_modules/lerna/node_modules/execa/index.js:236:11)
14 error     at <anonymous>
